==21778== Memcheck, a memory error detector
==21778== Copyright (C) 2002-2017, and GNU GPL'd, by Julian Seward et al.
==21778== Using Valgrind-3.18.1 and LibVEX; rerun with -h for copyright info
==21778== Command: ./pipex test.txt ls\ -l wc\ -l outfile
==21778== Parent PID: 21776
==21778== 
==21778== 
==21778== HEAP SUMMARY:
==21778==     in use at exit: 50 bytes in 2 blocks
==21778==   total heap usage: 5 allocs, 3 frees, 1,131 bytes allocated
==21778== 
==21778== 34 bytes in 1 blocks are indirectly lost in loss record 1 of 2
==21778==    at 0x4848899: malloc (in /usr/libexec/valgrind/vgpreload_memcheck-amd64-linux.so)
==21778==    by 0x109ACD: ft_strjoin (in /home/aoperacz/Desktop/pipex/pipex)
==21778==    by 0x1096E7: get_path (in /home/aoperacz/Desktop/pipex/pipex)
==21778==    by 0x10930E: child (in /home/aoperacz/Desktop/pipex/pipex)
==21778==    by 0x1094FD: main (in /home/aoperacz/Desktop/pipex/pipex)
==21778== 
==21778== 50 (16 direct, 34 indirect) bytes in 1 blocks are definitely lost in loss record 2 of 2
==21778==    at 0x4848899: malloc (in /usr/libexec/valgrind/vgpreload_memcheck-amd64-linux.so)
==21778==    by 0x109EE3: ft_split (in /home/aoperacz/Desktop/pipex/pipex)
==21778==    by 0x109666: get_path (in /home/aoperacz/Desktop/pipex/pipex)
==21778==    by 0x10930E: child (in /home/aoperacz/Desktop/pipex/pipex)
==21778==    by 0x1094FD: main (in /home/aoperacz/Desktop/pipex/pipex)
==21778== 
==21778== LEAK SUMMARY:
==21778==    definitely lost: 16 bytes in 1 blocks
==21778==    indirectly lost: 34 bytes in 1 blocks
==21778==      possibly lost: 0 bytes in 0 blocks
==21778==    still reachable: 0 bytes in 0 blocks
==21778==         suppressed: 0 bytes in 0 blocks
==21778== 
==21778== For lists of detected and suppressed errors, rerun with: -s
==21778== ERROR SUMMARY: 1 errors from 1 contexts (suppressed: 0 from 0)
