==21776== Memcheck, a memory error detector
==21776== Copyright (C) 2002-2017, and GNU GPL'd, by Julian Seward et al.
==21776== Using Valgrind-3.18.1 and LibVEX; rerun with -h for copyright info
==21776== Command: ./pipex test.txt ls\ -l wc\ -l outfile
==21776== Parent PID: 21775
==21776== 
==21776== 
==21776== HEAP SUMMARY:
==21776==     in use at exit: 20 bytes in 1 blocks
==21776==   total heap usage: 3 allocs, 2 frees, 1,144 bytes allocated
==21776== 
==21776== 20 bytes in 1 blocks are still reachable in loss record 1 of 1
==21776==    at 0x4848899: malloc (in /usr/libexec/valgrind/vgpreload_memcheck-amd64-linux.so)
==21776==    by 0x48FC157: __vasprintf_internal (vasprintf.c:71)
==21776==    by 0x48D49E9: asprintf (asprintf.c:31)
==21776==    by 0x4925751: strerror_l (strerror_l.c:45)
==21776==    by 0x109544: main (in /home/aoperacz/Desktop/pipex/pipex)
==21776== 
==21776== LEAK SUMMARY:
==21776==    definitely lost: 0 bytes in 0 blocks
==21776==    indirectly lost: 0 bytes in 0 blocks
==21776==      possibly lost: 0 bytes in 0 blocks
==21776==    still reachable: 20 bytes in 1 blocks
==21776==         suppressed: 0 bytes in 0 blocks
==21776== 
==21776== For lists of detected and suppressed errors, rerun with: -s
==21776== ERROR SUMMARY: 0 errors from 0 contexts (suppressed: 0 from 0)
